# JRE version: Java(TM) SE Runtime Environment (8.0_181-b13) (build 1.8.0_181-b13)
# Java VM: Java HotSpot(TM) 64-Bit Server VM (25.181-b13 mixed mode windows-amd64 compressed oops)
Heap:
 PSYoungGen      total 61440K, used 11796K [0x000000076b400000, 0x0000000774180000, 0x00000007c0000000)
  eden space 50688K, 2% used [0x000000076b400000,0x000000076b506920,0x000000076e580000)
  from space 10752K, 99% used [0x000000076fe80000,0x00000007708fe9f0,0x0000000770900000)
  to   space 25600K, 0% used [0x000000076e580000,0x000000076e580000,0x000000076fe80000)
 ParOldGen       total 133120K, used 43959K [0x00000006c1c00000, 0x00000006c9e00000, 0x000000076b400000)
  object space 133120K, 33% used [0x00000006c1c00000,0x00000006c46ede38,0x00000006c9e00000)
 Metaspace       used 22550K, capacity 22996K, committed 23216K, reserved 1069056K
  class space    used 2622K, capacity 2780K, committed 2816K, reserved 1048576K
GC Heap History (10 events):
Event: 3.305 GC heap before
{Heap before GC invocations=5 (full 0):
 PSYoungGen      total 76288K, used 76264K [0x000000076b400000, 0x0000000770900000, 0x00000007c0000000)
  eden space 65536K, 100% used [0x000000076b400000,0x000000076f400000,0x000000076f400000)
  from space 10752K, 99% used [0x000000076fe80000,0x00000007708fa040,0x0000000770900000)
  to   space 10752K, 0% used [0x000000076f400000,0x000000076f400000,0x000000076fe80000)
 ParOldGen       total 175104K, used 13185K [0x00000006c1c00000, 0x00000006cc700000, 0x000000076b400000)
  object space 175104K, 7% used [0x00000006c1c00000,0x00000006c28e0488,0x00000006cc700000)
 Metaspace       used 17678K, capacity 18112K, committed 18432K, reserved 1064960K
  class space    used 2053K, capacity 2196K, committed 2304K, reserved 1048576K
Event: 3.314 GC heap after
Heap after GC invocations=5 (full 0):
 PSYoungGen      total 76288K, used 10728K [0x000000076b400000, 0x0000000770900000, 0x00000007c0000000)
  eden space 65536K, 0% used [0x000000076b400000,0x000000076b400000,0x000000076f400000)
  from space 10752K, 99% used [0x000000076f400000,0x000000076fe7a040,0x000000076fe80000)
  to   space 10752K, 0% used [0x000000076fe80000,0x000000076fe80000,0x0000000770900000)
 ParOldGen       total 175104K, used 17492K [0x00000006c1c00000, 0x00000006cc700000, 0x000000076b400000)
  object space 175104K, 9% used [0x00000006c1c00000,0x00000006c2d150c0,0x00000006cc700000)
 Metaspace       used 17678K, capacity 18112K, committed 18432K, reserved 1064960K
  class space    used 2053K, capacity 2196K, committed 2304K, reserved 1048576K
}
Event: 3.510 GC heap before
{Heap before GC invocations=6 (full 0):
 PSYoungGen      total 76288K, used 34262K [0x000000076b400000, 0x0000000770900000, 0x00000007c0000000)
  eden space 65536K, 35% used [0x000000076b400000,0x000000076cafb810,0x000000076f400000)
  from space 10752K, 99% used [0x000000076f400000,0x000000076fe7a040,0x000000076fe80000)
  to   space 10752K, 0% used [0x000000076fe80000,0x000000076fe80000,0x0000000770900000)
 ParOldGen       total 175104K, used 17492K [0x00000006c1c00000, 0x00000006cc700000, 0x000000076b400000)
  object space 175104K, 9% used [0x00000006c1c00000,0x00000006c2d150c0,0x00000006cc700000)
 Metaspace       used 20769K, capacity 21172K, committed 21296K, reserved 1069056K
  class space    used 2488K, capacity 2620K, committed 2688K, reserved 1048576K
Event: 3.519 GC heap after
Heap after GC invocations=6 (full 0):
 PSYoungGen      total 76288K, used 10721K [0x000000076b400000, 0x0000000770900000, 0x00000007c0000000)
  eden space 65536K, 0% used [0x000000076b400000,0x000000076b400000,0x000000076f400000)
  from space 10752K, 99% used [0x000000076fe80000,0x00000007708f8730,0x0000000770900000)
  to   space 10752K, 0% used [0x000000076f400000,0x000000076f400000,0x000000076fe80000)
 ParOldGen       total 175104K, used 18649K [0x00000006c1c00000, 0x00000006cc700000, 0x000000076b400000)
  object space 175104K, 10% used [0x00000006c1c00000,0x00000006c2e36670,0x00000006cc700000)
 Metaspace       used 20769K, capacity 21172K, committed 21296K, reserved 1069056K
  class space    used 2488K, capacity 2620K, committed 2688K, reserved 1048576K
}
Event: 3.519 GC heap before
{Heap before GC invocations=7 (full 1):
 PSYoungGen      total 76288K, used 10721K [0x000000076b400000, 0x0000000770900000, 0x00000007c0000000)
  eden space 65536K, 0% used [0x000000076b400000,0x000000076b400000,0x000000076f400000)
  from space 10752K, 99% used [0x000000076fe80000,0x00000007708f8730,0x0000000770900000)
  to   space 10752K, 0% used [0x000000076f400000,0x000000076f400000,0x000000076fe80000)
 ParOldGen       total 175104K, used 18649K [0x00000006c1c00000, 0x00000006cc700000, 0x000000076b400000)
  object space 175104K, 10% used [0x00000006c1c00000,0x00000006c2e36670,0x00000006cc700000)
 Metaspace       used 20769K, capacity 21172K, committed 21296K, reserved 1069056K
  class space    used 2488K, capacity 2620K, committed 2688K, reserved 1048576K
Event: 3.601 GC heap after
Heap after GC invocations=7 (full 1):
 PSYoungGen      total 76288K, used 0K [0x000000076b400000, 0x0000000770900000, 0x00000007c0000000)
  eden space 65536K, 0% used [0x000000076b400000,0x000000076b400000,0x000000076f400000)
  from space 10752K, 0% used [0x000000076fe80000,0x000000076fe80000,0x0000000770900000)
  to   space 10752K, 0% used [0x000000076f400000,0x000000076f400000,0x000000076fe80000)
 ParOldGen       total 133120K, used 25163K [0x00000006c1c00000, 0x00000006c9e00000, 0x000000076b400000)
  object space 133120K, 18% used [0x00000006c1c00000,0x00000006c3492fd0,0x00000006c9e00000)
 Metaspace       used 20769K, capacity 21172K, committed 21296K, reserved 1069056K
  class space    used 2488K, capacity 2620K, committed 2688K, reserved 1048576K
}
Event: 4.554 GC heap before
{Heap before GC invocations=8 (full 1):
 PSYoungGen      total 76288K, used 65536K [0x000000076b400000, 0x0000000770900000, 0x00000007c0000000)
  eden space 65536K, 100% used [0x000000076b400000,0x000000076f400000,0x000000076f400000)
  from space 10752K, 0% used [0x000000076fe80000,0x000000076fe80000,0x0000000770900000)
  to   space 10752K, 0% used [0x000000076f400000,0x000000076f400000,0x000000076fe80000)
 ParOldGen       total 133120K, used 25163K [0x00000006c1c00000, 0x00000006c9e00000, 0x000000076b400000)
  object space 133120K, 18% used [0x00000006c1c00000,0x00000006c3492fd0,0x00000006c9e00000)
 Metaspace       used 22014K, capacity 22452K, committed 22704K, reserved 1069056K
  class space    used 2595K, capacity 2748K, committed 2816K, reserved 1048576K
Event: 4.560 GC heap after
Heap after GC invocations=8 (full 1):
 PSYoungGen      total 76288K, used 9984K [0x000000076b400000, 0x0000000770900000, 0x00000007c0000000)
  eden space 65536K, 0% used [0x000000076b400000,0x000000076b400000,0x000000076f400000)
  from space 10752K, 92% used [0x000000076f400000,0x000000076fdc00b0,0x000000076fe80000)
  to   space 10752K, 0% used [0x000000076fe80000,0x000000076fe80000,0x0000000770900000)
 ParOldGen       total 133120K, used 25171K [0x00000006c1c00000, 0x00000006c9e00000, 0x000000076b400000)
  object space 133120K, 18% used [0x00000006c1c00000,0x00000006c3494fd0,0x00000006c9e00000)
 Metaspace       used 22014K, capacity 22452K, committed 22704K, reserved 1069056K
  class space    used 2595K, capacity 2748K, committed 2816K, reserved 1048576K
}
Event: 5.358 GC heap before
{Heap before GC invocations=9 (full 1):
 PSYoungGen      total 76288K, used 75520K [0x000000076b400000, 0x0000000770900000, 0x00000007c0000000)
  eden space 65536K, 100% used [0x000000076b400000,0x000000076f400000,0x000000076f400000)
  from space 10752K, 92% used [0x000000076f400000,0x000000076fdc00b0,0x000000076fe80000)
  to   space 10752K, 0% used [0x000000076fe80000,0x000000076fe80000,0x0000000770900000)
 ParOldGen       total 133120K, used 25171K [0x00000006c1c00000, 0x00000006c9e00000, 0x000000076b400000)
  object space 133120K, 18% used [0x00000006c1c00000,0x00000006c3494fd0,0x00000006c9e00000)
 Metaspace       used 22548K, capacity 22996K, committed 23216K, reserved 1069056K
  class space    used 2622K, capacity 2780K, committed 2816K, reserved 1048576K
Event: 5.371 GC heap after
Heap after GC invocations=9 (full 1):
 PSYoungGen      total 61440K, used 10746K [0x000000076b400000, 0x0000000774180000, 0x00000007c0000000)
  eden space 50688K, 0% used [0x000000076b400000,0x000000076b400000,0x000000076e580000)
  from space 10752K, 99% used [0x000000076fe80000,0x00000007708fe9f0,0x0000000770900000)
  to   space 25600K, 0% used [0x000000076e580000,0x000000076e580000,0x000000076fe80000)
 ParOldGen       total 133120K, used 43959K [0x00000006c1c00000, 0x00000006c9e00000, 0x000000076b400000)
  object space 133120K, 33% used [0x00000006c1c00000,0x00000006c46ede38,0x00000006c9e00000)
 Metaspace       used 22548K, capacity 22996K, committed 23216K, reserved 1069056K
  class space    used 2622K, capacity 2780K, committed 2816K, reserved 1048576K
}

