# JRE version: Java(TM) SE Runtime Environment (8.0_181-b13) (build 1.8.0_181-b13)
# Java VM: Java HotSpot(TM) 64-Bit Server VM (25.181-b13 mixed mode windows-amd64 compressed oops)
Heap:
 PSYoungGen      total 242688K, used 31027K [0x000000076b400000, 0x000000077c480000, 0x00000007c0000000)
  eden space 224768K, 13% used [0x000000076b400000,0x000000076d24cf38,0x0000000778f80000)
  from space 17920K, 0% used [0x000000077a280000,0x000000077a280000,0x000000077b400000)
  to   space 19456K, 0% used [0x0000000778f80000,0x0000000778f80000,0x000000077a280000)
 ParOldGen       total 240128K, used 35427K [0x00000006c1c00000, 0x00000006d0680000, 0x000000076b400000)
  object space 240128K, 14% used [0x00000006c1c00000,0x00000006c3e98f00,0x00000006d0680000)
 Metaspace       used 58684K, capacity 60516K, committed 60820K, reserved 1101824K
  class space    used 7450K, capacity 7796K, committed 7868K, reserved 1048576K
GC Heap History (10 events):
Event: 4.904 GC heap before
{Heap before GC invocations=9 (full 2):
 PSYoungGen      total 156672K, used 145408K [0x000000076b400000, 0x0000000779180000, 0x00000007c0000000)
  eden space 145408K, 100% used [0x000000076b400000,0x0000000774200000,0x0000000774200000)
  from space 11264K, 0% used [0x0000000775200000,0x0000000775200000,0x0000000775d00000)
  to   space 16384K, 0% used [0x0000000774200000,0x0000000774200000,0x0000000775200000)
 ParOldGen       total 176128K, used 23594K [0x00000006c1c00000, 0x00000006cc800000, 0x000000076b400000)
  object space 176128K, 13% used [0x00000006c1c00000,0x00000006c330ab50,0x00000006cc800000)
 Metaspace       used 42126K, capacity 43320K, committed 43480K, reserved 1087488K
  class space    used 5368K, capacity 5628K, committed 5632K, reserved 1048576K
Event: 4.910 GC heap after
Heap after GC invocations=9 (full 2):
 PSYoungGen      total 161792K, used 9883K [0x000000076b400000, 0x0000000779a00000, 0x00000007c0000000)
  eden space 145408K, 0% used [0x000000076b400000,0x000000076b400000,0x0000000774200000)
  from space 16384K, 60% used [0x0000000774200000,0x0000000774ba6c38,0x0000000775200000)
  to   space 15872K, 0% used [0x0000000778a80000,0x0000000778a80000,0x0000000779a00000)
 ParOldGen       total 176128K, used 23602K [0x00000006c1c00000, 0x00000006cc800000, 0x000000076b400000)
  object space 176128K, 13% used [0x00000006c1c00000,0x00000006c330cb50,0x00000006cc800000)
 Metaspace       used 42126K, capacity 43320K, committed 43480K, reserved 1087488K
  class space    used 5368K, capacity 5628K, committed 5632K, reserved 1048576K
}
Event: 53.007 GC heap before
{Heap before GC invocations=10 (full 2):
 PSYoungGen      total 161792K, used 155291K [0x000000076b400000, 0x0000000779a00000, 0x00000007c0000000)
  eden space 145408K, 100% used [0x000000076b400000,0x0000000774200000,0x0000000774200000)
  from space 16384K, 60% used [0x0000000774200000,0x0000000774ba6c38,0x0000000775200000)
  to   space 15872K, 0% used [0x0000000778a80000,0x0000000778a80000,0x0000000779a00000)
 ParOldGen       total 176128K, used 23602K [0x00000006c1c00000, 0x00000006cc800000, 0x000000076b400000)
  object space 176128K, 13% used [0x00000006c1c00000,0x00000006c330cb50,0x00000006cc800000)
 Metaspace       used 52493K, capacity 53750K, committed 54232K, reserved 1095680K
  class space    used 6823K, capacity 7095K, committed 7168K, reserved 1048576K
Event: 53.019 GC heap after
Heap after GC invocations=10 (full 2):
 PSYoungGen      total 209920K, used 15860K [0x000000076b400000, 0x0000000779a00000, 0x00000007c0000000)
  eden space 194048K, 0% used [0x000000076b400000,0x000000076b400000,0x0000000777180000)
  from space 15872K, 99% used [0x0000000778a80000,0x00000007799fd1f8,0x0000000779a00000)
  to   space 17408K, 0% used [0x0000000777800000,0x0000000777800000,0x0000000778900000)
 ParOldGen       total 176128K, used 23763K [0x00000006c1c00000, 0x00000006cc800000, 0x000000076b400000)
  object space 176128K, 13% used [0x00000006c1c00000,0x00000006c3334c80,0x00000006cc800000)
 Metaspace       used 52493K, capacity 53750K, committed 54232K, reserved 1095680K
  class space    used 6823K, capacity 7095K, committed 7168K, reserved 1048576K
}
Event: 138.311 GC heap before
{Heap before GC invocations=11 (full 2):
 PSYoungGen      total 209920K, used 209908K [0x000000076b400000, 0x0000000779a00000, 0x00000007c0000000)
  eden space 194048K, 100% used [0x000000076b400000,0x0000000777180000,0x0000000777180000)
  from space 15872K, 99% used [0x0000000778a80000,0x00000007799fd1f8,0x0000000779a00000)
  to   space 17408K, 0% used [0x0000000777800000,0x0000000777800000,0x0000000778900000)
 ParOldGen       total 176128K, used 23763K [0x00000006c1c00000, 0x00000006cc800000, 0x000000076b400000)
  object space 176128K, 13% used [0x00000006c1c00000,0x00000006c3334c80,0x00000006cc800000)
 Metaspace       used 55840K, capacity 57246K, committed 57560K, reserved 1099776K
  class space    used 7076K, capacity 7367K, committed 7424K, reserved 1048576K
Event: 138.321 GC heap after
Heap after GC invocations=11 (full 2):
 PSYoungGen      total 218112K, used 13557K [0x000000076b400000, 0x000000077b400000, 0x00000007c0000000)
  eden space 200704K, 0% used [0x000000076b400000,0x000000076b400000,0x0000000777800000)
  from space 17408K, 77% used [0x0000000777800000,0x000000077853d7a0,0x0000000778900000)
  to   space 17920K, 0% used [0x000000077a280000,0x000000077a280000,0x000000077b400000)
 ParOldGen       total 176128K, used 23771K [0x00000006c1c00000, 0x00000006cc800000, 0x000000076b400000)
  object space 176128K, 13% used [0x00000006c1c00000,0x00000006c3336c80,0x00000006cc800000)
 Metaspace       used 55840K, capacity 57246K, committed 57560K, reserved 1099776K
  class space    used 7076K, capacity 7367K, committed 7424K, reserved 1048576K
}
Event: 139.048 GC heap before
{Heap before GC invocations=12 (full 2):
 PSYoungGen      total 218112K, used 143078K [0x000000076b400000, 0x000000077b400000, 0x00000007c0000000)
  eden space 200704K, 64% used [0x000000076b400000,0x000000077327c178,0x0000000777800000)
  from space 17408K, 77% used [0x0000000777800000,0x000000077853d7a0,0x0000000778900000)
  to   space 17920K, 0% used [0x000000077a280000,0x000000077a280000,0x000000077b400000)
 ParOldGen       total 176128K, used 23771K [0x00000006c1c00000, 0x00000006cc800000, 0x000000076b400000)
  object space 176128K, 13% used [0x00000006c1c00000,0x00000006c3336c80,0x00000006cc800000)
 Metaspace       used 57498K, capacity 58962K, committed 59028K, reserved 1101824K
  class space    used 7280K, capacity 7581K, committed 7612K, reserved 1048576K
Event: 139.060 GC heap after
Heap after GC invocations=12 (full 2):
 PSYoungGen      total 242688K, used 17196K [0x000000076b400000, 0x000000077c480000, 0x00000007c0000000)
  eden space 224768K, 0% used [0x000000076b400000,0x000000076b400000,0x0000000778f80000)
  from space 17920K, 95% used [0x000000077a280000,0x000000077b34b330,0x000000077b400000)
  to   space 19456K, 0% used [0x0000000778f80000,0x0000000778f80000,0x000000077a280000)
 ParOldGen       total 176128K, used 23779K [0x00000006c1c00000, 0x00000006cc800000, 0x000000076b400000)
  object space 176128K, 13% used [0x00000006c1c00000,0x00000006c3338c80,0x00000006cc800000)
 Metaspace       used 57498K, capacity 58962K, committed 59028K, reserved 1101824K
  class space    used 7280K, capacity 7581K, committed 7612K, reserved 1048576K
}
Event: 139.060 GC heap before
{Heap before GC invocations=13 (full 3):
 PSYoungGen      total 242688K, used 17196K [0x000000076b400000, 0x000000077c480000, 0x00000007c0000000)
  eden space 224768K, 0% used [0x000000076b400000,0x000000076b400000,0x0000000778f80000)
  from space 17920K, 95% used [0x000000077a280000,0x000000077b34b330,0x000000077b400000)
  to   space 19456K, 0% used [0x0000000778f80000,0x0000000778f80000,0x000000077a280000)
 ParOldGen       total 176128K, used 23779K [0x00000006c1c00000, 0x00000006cc800000, 0x000000076b400000)
  object space 176128K, 13% used [0x00000006c1c00000,0x00000006c3338c80,0x00000006cc800000)
 Metaspace       used 57498K, capacity 58962K, committed 59028K, reserved 1101824K
  class space    used 7280K, capacity 7581K, committed 7612K, reserved 1048576K
Event: 139.208 GC heap after
Heap after GC invocations=13 (full 3):
 PSYoungGen      total 242688K, used 0K [0x000000076b400000, 0x000000077c480000, 0x00000007c0000000)
  eden space 224768K, 0% used [0x000000076b400000,0x000000076b400000,0x0000000778f80000)
  from space 17920K, 0% used [0x000000077a280000,0x000000077a280000,0x000000077b400000)
  to   space 19456K, 0% used [0x0000000778f80000,0x0000000778f80000,0x000000077a280000)
 ParOldGen       total 240128K, used 35427K [0x00000006c1c00000, 0x00000006d0680000, 0x000000076b400000)
  object space 240128K, 14% used [0x00000006c1c00000,0x00000006c3e98f00,0x00000006d0680000)
 Metaspace       used 57498K, capacity 58962K, committed 59028K, reserved 1101824K
  class space    used 7280K, capacity 7581K, committed 7612K, reserved 1048576K
}

