# JRE version: Java(TM) SE Runtime Environment (8.0_181-b13) (build 1.8.0_181-b13)
# Java VM: Java HotSpot(TM) 64-Bit Server VM (25.181-b13 mixed mode windows-amd64 compressed oops)
Heap:
 PSYoungGen      total 209920K, used 125655K [0x000000076b400000, 0x0000000779980000, 0x00000007c0000000)
  eden space 194048K, 56% used [0x000000076b400000,0x0000000771f37f38,0x0000000777180000)
  from space 15872K, 99% used [0x0000000778a00000,0x000000077997df20,0x0000000779980000)
  to   space 17408K, 0% used [0x0000000777780000,0x0000000777780000,0x0000000778880000)
 ParOldGen       total 175104K, used 23817K [0x00000006c1c00000, 0x00000006cc700000, 0x000000076b400000)
  object space 175104K, 13% used [0x00000006c1c00000,0x00000006c33427a8,0x00000006cc700000)
 Metaspace       used 53559K, capacity 54908K, committed 55384K, reserved 1097728K
  class space    used 6894K, capacity 7190K, committed 7296K, reserved 1048576K
GC Heap History (10 events):
Event: 2.681 GC heap before
{Heap before GC invocations=6 (full 1):
 PSYoungGen      total 108032K, used 107563K [0x000000076b400000, 0x0000000774700000, 0x00000007c0000000)
  eden space 99328K, 100% used [0x000000076b400000,0x0000000771500000,0x0000000771500000)
  from space 8704K, 94% used [0x0000000773e80000,0x000000077468af48,0x0000000774700000)
  to   space 10752K, 0% used [0x0000000773200000,0x0000000773200000,0x0000000773c80000)
 ParOldGen       total 102912K, used 7975K [0x00000006c1c00000, 0x00000006c8080000, 0x000000076b400000)
  object space 102912K, 7% used [0x00000006c1c00000,0x00000006c23c9da0,0x00000006c8080000)
 Metaspace       used 26451K, capacity 27242K, committed 27392K, reserved 1073152K
  class space    used 3302K, capacity 3511K, committed 3584K, reserved 1048576K
Event: 2.689 GC heap after
Heap after GC invocations=6 (full 1):
 PSYoungGen      total 139776K, used 10741K [0x000000076b400000, 0x0000000775c80000, 0x00000007c0000000)
  eden space 129024K, 0% used [0x000000076b400000,0x000000076b400000,0x0000000773200000)
  from space 10752K, 99% used [0x0000000773200000,0x0000000773c7d430,0x0000000773c80000)
  to   space 11264K, 0% used [0x0000000775180000,0x0000000775180000,0x0000000775c80000)
 ParOldGen       total 102912K, used 8465K [0x00000006c1c00000, 0x00000006c8080000, 0x000000076b400000)
  object space 102912K, 8% used [0x00000006c1c00000,0x00000006c2444590,0x00000006c8080000)
 Metaspace       used 26451K, capacity 27242K, committed 27392K, reserved 1073152K
  class space    used 3302K, capacity 3511K, committed 3584K, reserved 1048576K
}
Event: 3.806 GC heap before
{Heap before GC invocations=7 (full 1):
 PSYoungGen      total 139776K, used 120470K [0x000000076b400000, 0x0000000775c80000, 0x00000007c0000000)
  eden space 129024K, 85% used [0x000000076b400000,0x0000000771f28430,0x0000000773200000)
  from space 10752K, 99% used [0x0000000773200000,0x0000000773c7d430,0x0000000773c80000)
  to   space 11264K, 0% used [0x0000000775180000,0x0000000775180000,0x0000000775c80000)
 ParOldGen       total 102912K, used 8465K [0x00000006c1c00000, 0x00000006c8080000, 0x000000076b400000)
  object space 102912K, 8% used [0x00000006c1c00000,0x00000006c2444590,0x00000006c8080000)
 Metaspace       used 34364K, capacity 35370K, committed 35416K, reserved 1081344K
  class space    used 4257K, capacity 4475K, committed 4480K, reserved 1048576K
Event: 3.824 GC heap after
Heap after GC invocations=7 (full 1):
 PSYoungGen      total 156160K, used 11253K [0x000000076b400000, 0x0000000779080000, 0x00000007c0000000)
  eden space 144896K, 0% used [0x000000076b400000,0x000000076b400000,0x0000000774180000)
  from space 11264K, 99% used [0x0000000775180000,0x0000000775c7d5a0,0x0000000775c80000)
  to   space 16384K, 0% used [0x0000000774180000,0x0000000774180000,0x0000000775180000)
 ParOldGen       total 102912K, used 16033K [0x00000006c1c00000, 0x00000006c8080000, 0x000000076b400000)
  object space 102912K, 15% used [0x00000006c1c00000,0x00000006c2ba87d0,0x00000006c8080000)
 Metaspace       used 34364K, capacity 35370K, committed 35416K, reserved 1081344K
  class space    used 4257K, capacity 4475K, committed 4480K, reserved 1048576K
}
Event: 3.824 GC heap before
{Heap before GC invocations=8 (full 2):
 PSYoungGen      total 156160K, used 11253K [0x000000076b400000, 0x0000000779080000, 0x00000007c0000000)
  eden space 144896K, 0% used [0x000000076b400000,0x000000076b400000,0x0000000774180000)
  from space 11264K, 99% used [0x0000000775180000,0x0000000775c7d5a0,0x0000000775c80000)
  to   space 16384K, 0% used [0x0000000774180000,0x0000000774180000,0x0000000775180000)
 ParOldGen       total 102912K, used 16033K [0x00000006c1c00000, 0x00000006c8080000, 0x000000076b400000)
  object space 102912K, 15% used [0x00000006c1c00000,0x00000006c2ba87d0,0x00000006c8080000)
 Metaspace       used 34364K, capacity 35370K, committed 35416K, reserved 1081344K
  class space    used 4257K, capacity 4475K, committed 4480K, reserved 1048576K
Event: 3.891 GC heap after
Heap after GC invocations=8 (full 2):
 PSYoungGen      total 156160K, used 0K [0x000000076b400000, 0x0000000779080000, 0x00000007c0000000)
  eden space 144896K, 0% used [0x000000076b400000,0x000000076b400000,0x0000000774180000)
  from space 11264K, 0% used [0x0000000775180000,0x0000000775180000,0x0000000775c80000)
  to   space 16384K, 0% used [0x0000000774180000,0x0000000774180000,0x0000000775180000)
 ParOldGen       total 175104K, used 23650K [0x00000006c1c00000, 0x00000006cc700000, 0x000000076b400000)
  object space 175104K, 13% used [0x00000006c1c00000,0x00000006c3318990,0x00000006cc700000)
 Metaspace       used 34364K, capacity 35370K, committed 35416K, reserved 1081344K
  class space    used 4257K, capacity 4475K, committed 4480K, reserved 1048576K
}
Event: 5.556 GC heap before
{Heap before GC invocations=9 (full 2):
 PSYoungGen      total 156160K, used 144896K [0x000000076b400000, 0x0000000779080000, 0x00000007c0000000)
  eden space 144896K, 100% used [0x000000076b400000,0x0000000774180000,0x0000000774180000)
  from space 11264K, 0% used [0x0000000775180000,0x0000000775180000,0x0000000775c80000)
  to   space 16384K, 0% used [0x0000000774180000,0x0000000774180000,0x0000000775180000)
 ParOldGen       total 175104K, used 23650K [0x00000006c1c00000, 0x00000006cc700000, 0x000000076b400000)
  object space 175104K, 13% used [0x00000006c1c00000,0x00000006c3318990,0x00000006cc700000)
 Metaspace       used 42367K, capacity 43590K, committed 43864K, reserved 1087488K
  class space    used 5422K, capacity 5693K, committed 5760K, reserved 1048576K
Event: 5.564 GC heap after
Heap after GC invocations=9 (full 2):
 PSYoungGen      total 161280K, used 10080K [0x000000076b400000, 0x0000000779980000, 0x00000007c0000000)
  eden space 144896K, 0% used [0x000000076b400000,0x000000076b400000,0x0000000774180000)
  from space 16384K, 61% used [0x0000000774180000,0x0000000774b581b0,0x0000000775180000)
  to   space 15872K, 0% used [0x0000000778a00000,0x0000000778a00000,0x0000000779980000)
 ParOldGen       total 175104K, used 23658K [0x00000006c1c00000, 0x00000006cc700000, 0x000000076b400000)
  object space 175104K, 13% used [0x00000006c1c00000,0x00000006c331a990,0x00000006cc700000)
 Metaspace       used 42367K, capacity 43590K, committed 43864K, reserved 1087488K
  class space    used 5422K, capacity 5693K, committed 5760K, reserved 1048576K
}
Event: 43.504 GC heap before
{Heap before GC invocations=10 (full 2):
 PSYoungGen      total 161280K, used 154976K [0x000000076b400000, 0x0000000779980000, 0x00000007c0000000)
  eden space 144896K, 100% used [0x000000076b400000,0x0000000774180000,0x0000000774180000)
  from space 16384K, 61% used [0x0000000774180000,0x0000000774b581b0,0x0000000775180000)
  to   space 15872K, 0% used [0x0000000778a00000,0x0000000778a00000,0x0000000779980000)
 ParOldGen       total 175104K, used 23658K [0x00000006c1c00000, 0x00000006cc700000, 0x000000076b400000)
  object space 175104K, 13% used [0x00000006c1c00000,0x00000006c331a990,0x00000006cc700000)
 Metaspace       used 52471K, capacity 53764K, committed 54232K, reserved 1095680K
  class space    used 6817K, capacity 7096K, committed 7168K, reserved 1048576K
Event: 43.531 GC heap after
Heap after GC invocations=10 (full 2):
 PSYoungGen      total 209920K, used 15863K [0x000000076b400000, 0x0000000779980000, 0x00000007c0000000)
  eden space 194048K, 0% used [0x000000076b400000,0x000000076b400000,0x0000000777180000)
  from space 15872K, 99% used [0x0000000778a00000,0x000000077997df20,0x0000000779980000)
  to   space 17408K, 0% used [0x0000000777780000,0x0000000777780000,0x0000000778880000)
 ParOldGen       total 175104K, used 23817K [0x00000006c1c00000, 0x00000006cc700000, 0x000000076b400000)
  object space 175104K, 13% used [0x00000006c1c00000,0x00000006c33427a8,0x00000006cc700000)
 Metaspace       used 52471K, capacity 53764K, committed 54232K, reserved 1095680K
  class space    used 6817K, capacity 7096K, committed 7168K, reserved 1048576K
}

