# JRE version: Java(TM) SE Runtime Environment (8.0_181-b13) (build 1.8.0_181-b13)
# Java VM: Java HotSpot(TM) 64-Bit Server VM (25.181-b13 mixed mode windows-amd64 compressed oops)
Heap:
 PSYoungGen      total 243200K, used 31022K [0x000000076b400000, 0x000000077c600000, 0x00000007c0000000)
  eden space 225280K, 13% used [0x000000076b400000,0x000000076d24ba00,0x0000000779000000)
  from space 17920K, 0% used [0x000000077a300000,0x000000077a300000,0x000000077b480000)
  to   space 19456K, 0% used [0x0000000779000000,0x0000000779000000,0x000000077a300000)
 ParOldGen       total 239104K, used 35580K [0x00000006c1c00000, 0x00000006d0580000, 0x000000076b400000)
  object space 239104K, 14% used [0x00000006c1c00000,0x00000006c3ebf128,0x00000006d0580000)
 Metaspace       used 58586K, capacity 60260K, committed 60564K, reserved 1101824K
  class space    used 7430K, capacity 7760K, committed 7868K, reserved 1048576K
GC Heap History (10 events):
Event: 4.720 GC heap before
{Heap before GC invocations=9 (full 2):
 PSYoungGen      total 154624K, used 143872K [0x000000076b400000, 0x0000000779000000, 0x00000007c0000000)
  eden space 143872K, 100% used [0x000000076b400000,0x0000000774080000,0x0000000774080000)
  from space 10752K, 0% used [0x0000000775080000,0x0000000775080000,0x0000000775b00000)
  to   space 16384K, 0% used [0x0000000774080000,0x0000000774080000,0x0000000775080000)
 ParOldGen       total 177664K, used 23606K [0x00000006c1c00000, 0x00000006cc980000, 0x000000076b400000)
  object space 177664K, 13% used [0x00000006c1c00000,0x00000006c330d948,0x00000006cc980000)
 Metaspace       used 42020K, capacity 43208K, committed 43480K, reserved 1087488K
  class space    used 5352K, capacity 5630K, committed 5632K, reserved 1048576K
Event: 4.726 GC heap after
Heap after GC invocations=9 (full 2):
 PSYoungGen      total 160256K, used 9747K [0x000000076b400000, 0x0000000779800000, 0x00000007c0000000)
  eden space 143872K, 0% used [0x000000076b400000,0x000000076b400000,0x0000000774080000)
  from space 16384K, 59% used [0x0000000774080000,0x0000000774a04ed8,0x0000000775080000)
  to   space 15360K, 0% used [0x0000000778900000,0x0000000778900000,0x0000000779800000)
 ParOldGen       total 177664K, used 23614K [0x00000006c1c00000, 0x00000006cc980000, 0x000000076b400000)
  object space 177664K, 13% used [0x00000006c1c00000,0x00000006c330f948,0x00000006cc980000)
 Metaspace       used 42020K, capacity 43208K, committed 43480K, reserved 1087488K
  class space    used 5352K, capacity 5630K, committed 5632K, reserved 1048576K
}
Event: 44.083 GC heap before
{Heap before GC invocations=10 (full 2):
 PSYoungGen      total 160256K, used 153619K [0x000000076b400000, 0x0000000779800000, 0x00000007c0000000)
  eden space 143872K, 100% used [0x000000076b400000,0x0000000774080000,0x0000000774080000)
  from space 16384K, 59% used [0x0000000774080000,0x0000000774a04ed8,0x0000000775080000)
  to   space 15360K, 0% used [0x0000000778900000,0x0000000778900000,0x0000000779800000)
 ParOldGen       total 177664K, used 23614K [0x00000006c1c00000, 0x00000006cc980000, 0x000000076b400000)
  object space 177664K, 13% used [0x00000006c1c00000,0x00000006c330f948,0x00000006cc980000)
 Metaspace       used 52464K, capacity 53766K, committed 54232K, reserved 1095680K
  class space    used 6825K, capacity 7097K, committed 7168K, reserved 1048576K
Event: 44.094 GC heap after
Heap after GC invocations=10 (full 2):
 PSYoungGen      total 208896K, used 15349K [0x000000076b400000, 0x0000000779800000, 0x00000007c0000000)
  eden space 193536K, 0% used [0x000000076b400000,0x000000076b400000,0x0000000777100000)
  from space 15360K, 99% used [0x0000000778900000,0x00000007797fd500,0x0000000779800000)
  to   space 17408K, 0% used [0x0000000777600000,0x0000000777600000,0x0000000778700000)
 ParOldGen       total 177664K, used 24187K [0x00000006c1c00000, 0x00000006cc980000, 0x000000076b400000)
  object space 177664K, 13% used [0x00000006c1c00000,0x00000006c339ed10,0x00000006cc980000)
 Metaspace       used 52464K, capacity 53766K, committed 54232K, reserved 1095680K
  class space    used 6825K, capacity 7097K, committed 7168K, reserved 1048576K
}
Event: 139.628 GC heap before
{Heap before GC invocations=11 (full 2):
 PSYoungGen      total 208896K, used 208885K [0x000000076b400000, 0x0000000779800000, 0x00000007c0000000)
  eden space 193536K, 100% used [0x000000076b400000,0x0000000777100000,0x0000000777100000)
  from space 15360K, 99% used [0x0000000778900000,0x00000007797fd500,0x0000000779800000)
  to   space 17408K, 0% used [0x0000000777600000,0x0000000777600000,0x0000000778700000)
 ParOldGen       total 177664K, used 24187K [0x00000006c1c00000, 0x00000006cc980000, 0x000000076b400000)
  object space 177664K, 13% used [0x00000006c1c00000,0x00000006c339ed10,0x00000006cc980000)
 Metaspace       used 55663K, capacity 57098K, committed 57304K, reserved 1099776K
  class space    used 7050K, capacity 7337K, committed 7424K, reserved 1048576K
Event: 139.639 GC heap after
Heap after GC invocations=11 (full 2):
 PSYoungGen      total 216064K, used 13349K [0x000000076b400000, 0x000000077b480000, 0x00000007c0000000)
  eden space 198656K, 0% used [0x000000076b400000,0x000000076b400000,0x0000000777600000)
  from space 17408K, 76% used [0x0000000777600000,0x0000000778309790,0x0000000778700000)
  to   space 17920K, 0% used [0x000000077a300000,0x000000077a300000,0x000000077b480000)
 ParOldGen       total 177664K, used 24195K [0x00000006c1c00000, 0x00000006cc980000, 0x000000076b400000)
  object space 177664K, 13% used [0x00000006c1c00000,0x00000006c33a0d10,0x00000006cc980000)
 Metaspace       used 55663K, capacity 57098K, committed 57304K, reserved 1099776K
  class space    used 7050K, capacity 7337K, committed 7424K, reserved 1048576K
}
Event: 140.440 GC heap before
{Heap before GC invocations=12 (full 2):
 PSYoungGen      total 216064K, used 146132K [0x000000076b400000, 0x000000077b480000, 0x00000007c0000000)
  eden space 198656K, 66% used [0x000000076b400000,0x00000007735abaa8,0x0000000777600000)
  from space 17408K, 76% used [0x0000000777600000,0x0000000778309790,0x0000000778700000)
  to   space 17920K, 0% used [0x000000077a300000,0x000000077a300000,0x000000077b480000)
 ParOldGen       total 177664K, used 24195K [0x00000006c1c00000, 0x00000006cc980000, 0x000000076b400000)
  object space 177664K, 13% used [0x00000006c1c00000,0x00000006c33a0d10,0x00000006cc980000)
 Metaspace       used 57488K, capacity 58974K, committed 59028K, reserved 1101824K
  class space    used 7282K, capacity 7583K, committed 7612K, reserved 1048576K
Event: 140.457 GC heap after
Heap after GC invocations=12 (full 2):
 PSYoungGen      total 243200K, used 17330K [0x000000076b400000, 0x000000077c600000, 0x00000007c0000000)
  eden space 225280K, 0% used [0x000000076b400000,0x000000076b400000,0x0000000779000000)
  from space 17920K, 96% used [0x000000077a300000,0x000000077b3ecab0,0x000000077b480000)
  to   space 19456K, 0% used [0x0000000779000000,0x0000000779000000,0x000000077a300000)
 ParOldGen       total 177664K, used 24203K [0x00000006c1c00000, 0x00000006cc980000, 0x000000076b400000)
  object space 177664K, 13% used [0x00000006c1c00000,0x00000006c33a2d10,0x00000006cc980000)
 Metaspace       used 57488K, capacity 58974K, committed 59028K, reserved 1101824K
  class space    used 7282K, capacity 7583K, committed 7612K, reserved 1048576K
}
Event: 140.457 GC heap before
{Heap before GC invocations=13 (full 3):
 PSYoungGen      total 243200K, used 17330K [0x000000076b400000, 0x000000077c600000, 0x00000007c0000000)
  eden space 225280K, 0% used [0x000000076b400000,0x000000076b400000,0x0000000779000000)
  from space 17920K, 96% used [0x000000077a300000,0x000000077b3ecab0,0x000000077b480000)
  to   space 19456K, 0% used [0x0000000779000000,0x0000000779000000,0x000000077a300000)
 ParOldGen       total 177664K, used 24203K [0x00000006c1c00000, 0x00000006cc980000, 0x000000076b400000)
  object space 177664K, 13% used [0x00000006c1c00000,0x00000006c33a2d10,0x00000006cc980000)
 Metaspace       used 57488K, capacity 58974K, committed 59028K, reserved 1101824K
  class space    used 7282K, capacity 7583K, committed 7612K, reserved 1048576K
Event: 140.634 GC heap after
Heap after GC invocations=13 (full 3):
 PSYoungGen      total 243200K, used 0K [0x000000076b400000, 0x000000077c600000, 0x00000007c0000000)
  eden space 225280K, 0% used [0x000000076b400000,0x000000076b400000,0x0000000779000000)
  from space 17920K, 0% used [0x000000077a300000,0x000000077a300000,0x000000077b480000)
  to   space 19456K, 0% used [0x0000000779000000,0x0000000779000000,0x000000077a300000)
 ParOldGen       total 239104K, used 35580K [0x00000006c1c00000, 0x00000006d0580000, 0x000000076b400000)
  object space 239104K, 14% used [0x00000006c1c00000,0x00000006c3ebf128,0x00000006d0580000)
 Metaspace       used 57488K, capacity 58974K, committed 59028K, reserved 1101824K
  class space    used 7282K, capacity 7583K, committed 7612K, reserved 1048576K
}

