# JRE version: Java(TM) SE Runtime Environment (8.0_181-b13) (build 1.8.0_181-b13)
# Java VM: Java HotSpot(TM) 64-Bit Server VM (25.181-b13 mixed mode windows-amd64 compressed oops)
Heap:
 PSYoungGen      total 227328K, used 16907K [0x000000076b400000, 0x000000077d080000, 0x00000007c0000000)
  eden space 211968K, 7% used [0x000000076b400000,0x000000076c482d10,0x0000000778300000)
  from space 15360K, 0% used [0x0000000779580000,0x0000000779580000,0x000000077a480000)
  to   space 18944K, 0% used [0x0000000778300000,0x0000000778300000,0x0000000779580000)
 ParOldGen       total 169984K, used 34580K [0x00000006c1c00000, 0x00000006cc200000, 0x000000076b400000)
  object space 169984K, 20% used [0x00000006c1c00000,0x00000006c3dc5358,0x00000006cc200000)
 Metaspace       used 57587K, capacity 59154K, committed 59412K, reserved 1101824K
  class space    used 7305K, capacity 7645K, committed 7740K, reserved 1048576K
GC Heap History (10 events):
Event: 5.225 GC heap before
{Heap before GC invocations=9 (full 2):
 PSYoungGen      total 160256K, used 148992K [0x000000076b400000, 0x0000000779180000, 0x00000007c0000000)
  eden space 148992K, 100% used [0x000000076b400000,0x0000000774580000,0x0000000774580000)
  from space 11264K, 0% used [0x0000000775580000,0x0000000775580000,0x0000000776080000)
  to   space 16384K, 0% used [0x0000000774580000,0x0000000774580000,0x0000000775580000)
 ParOldGen       total 169984K, used 23545K [0x00000006c1c00000, 0x00000006cc200000, 0x000000076b400000)
  object space 169984K, 13% used [0x00000006c1c00000,0x00000006c32fe680,0x00000006cc200000)
 Metaspace       used 42512K, capacity 43702K, committed 43864K, reserved 1087488K
  class space    used 5476K, capacity 5755K, committed 5760K, reserved 1048576K
Event: 5.233 GC heap after
Heap after GC invocations=9 (full 2):
 PSYoungGen      total 165376K, used 10275K [0x000000076b400000, 0x000000077a480000, 0x00000007c0000000)
  eden space 148992K, 0% used [0x000000076b400000,0x000000076b400000,0x0000000774580000)
  from space 16384K, 62% used [0x0000000774580000,0x0000000774f88f78,0x0000000775580000)
  to   space 15360K, 0% used [0x0000000779580000,0x0000000779580000,0x000000077a480000)
 ParOldGen       total 169984K, used 23553K [0x00000006c1c00000, 0x00000006cc200000, 0x000000076b400000)
  object space 169984K, 13% used [0x00000006c1c00000,0x00000006c3300680,0x00000006cc200000)
 Metaspace       used 42512K, capacity 43702K, committed 43864K, reserved 1087488K
  class space    used 5476K, capacity 5755K, committed 5760K, reserved 1048576K
}
Event: 41.369 GC heap before
{Heap before GC invocations=10 (full 2):
 PSYoungGen      total 165376K, used 159267K [0x000000076b400000, 0x000000077a480000, 0x00000007c0000000)
  eden space 148992K, 100% used [0x000000076b400000,0x0000000774580000,0x0000000774580000)
  from space 16384K, 62% used [0x0000000774580000,0x0000000774f88f78,0x0000000775580000)
  to   space 15360K, 0% used [0x0000000779580000,0x0000000779580000,0x000000077a480000)
 ParOldGen       total 169984K, used 23553K [0x00000006c1c00000, 0x00000006cc200000, 0x000000076b400000)
  object space 169984K, 13% used [0x00000006c1c00000,0x00000006c3300680,0x00000006cc200000)
 Metaspace       used 52416K, capacity 53684K, committed 54232K, reserved 1095680K
  class space    used 6821K, capacity 7094K, committed 7168K, reserved 1048576K
Event: 41.378 GC heap after
Heap after GC invocations=10 (full 2):
 PSYoungGen      total 221184K, used 15356K [0x000000076b400000, 0x000000077a480000, 0x00000007c0000000)
  eden space 205824K, 0% used [0x000000076b400000,0x000000076b400000,0x0000000777d00000)
  from space 15360K, 99% used [0x0000000779580000,0x000000077a47f3d8,0x000000077a480000)
  to   space 17408K, 0% used [0x0000000778280000,0x0000000778280000,0x0000000779380000)
 ParOldGen       total 169984K, used 23925K [0x00000006c1c00000, 0x00000006cc200000, 0x000000076b400000)
  object space 169984K, 14% used [0x00000006c1c00000,0x00000006c335d688,0x00000006cc200000)
 Metaspace       used 52416K, capacity 53684K, committed 54232K, reserved 1095680K
  class space    used 6821K, capacity 7094K, committed 7168K, reserved 1048576K
}
Event: 100.993 GC heap before
{Heap before GC invocations=11 (full 2):
 PSYoungGen      total 221184K, used 221180K [0x000000076b400000, 0x000000077a480000, 0x00000007c0000000)
  eden space 205824K, 100% used [0x000000076b400000,0x0000000777d00000,0x0000000777d00000)
  from space 15360K, 99% used [0x0000000779580000,0x000000077a47f3d8,0x000000077a480000)
  to   space 17408K, 0% used [0x0000000778280000,0x0000000778280000,0x0000000779380000)
 ParOldGen       total 169984K, used 23925K [0x00000006c1c00000, 0x00000006cc200000, 0x000000076b400000)
  object space 169984K, 14% used [0x00000006c1c00000,0x00000006c335d688,0x00000006cc200000)
 Metaspace       used 56283K, capacity 57696K, committed 57944K, reserved 1099776K
  class space    used 7138K, capacity 7432K, committed 7552K, reserved 1048576K
Event: 101.004 GC heap after
Heap after GC invocations=11 (full 2):
 PSYoungGen      total 223232K, used 14301K [0x000000076b400000, 0x000000077a480000, 0x00000007c0000000)
  eden space 205824K, 0% used [0x000000076b400000,0x000000076b400000,0x0000000777d00000)
  from space 17408K, 82% used [0x0000000778280000,0x00000007790774e8,0x0000000779380000)
  to   space 15360K, 0% used [0x0000000779580000,0x0000000779580000,0x000000077a480000)
 ParOldGen       total 169984K, used 23933K [0x00000006c1c00000, 0x00000006cc200000, 0x000000076b400000)
  object space 169984K, 14% used [0x00000006c1c00000,0x00000006c335f688,0x00000006cc200000)
 Metaspace       used 56283K, capacity 57696K, committed 57944K, reserved 1099776K
  class space    used 7138K, capacity 7432K, committed 7552K, reserved 1048576K
}
Event: 101.670 GC heap before
{Heap before GC invocations=12 (full 2):
 PSYoungGen      total 223232K, used 112234K [0x000000076b400000, 0x000000077a480000, 0x00000007c0000000)
  eden space 205824K, 47% used [0x000000076b400000,0x00000007713a34e0,0x0000000777d00000)
  from space 17408K, 82% used [0x0000000778280000,0x00000007790774e8,0x0000000779380000)
  to   space 15360K, 0% used [0x0000000779580000,0x0000000779580000,0x000000077a480000)
 ParOldGen       total 169984K, used 23933K [0x00000006c1c00000, 0x00000006cc200000, 0x000000076b400000)
  object space 169984K, 14% used [0x00000006c1c00000,0x00000006c335f688,0x00000006cc200000)
 Metaspace       used 57442K, capacity 58956K, committed 59028K, reserved 1101824K
  class space    used 7274K, capacity 7580K, committed 7612K, reserved 1048576K
Event: 101.685 GC heap after
Heap after GC invocations=12 (full 2):
 PSYoungGen      total 227328K, used 15352K [0x000000076b400000, 0x000000077d080000, 0x00000007c0000000)
  eden space 211968K, 0% used [0x000000076b400000,0x000000076b400000,0x0000000778300000)
  from space 15360K, 99% used [0x0000000779580000,0x000000077a47e050,0x000000077a480000)
  to   space 18944K, 0% used [0x0000000778300000,0x0000000778300000,0x0000000779580000)
 ParOldGen       total 169984K, used 24928K [0x00000006c1c00000, 0x00000006cc200000, 0x000000076b400000)
  object space 169984K, 14% used [0x00000006c1c00000,0x00000006c3458288,0x00000006cc200000)
 Metaspace       used 57442K, capacity 58956K, committed 59028K, reserved 1101824K
  class space    used 7274K, capacity 7580K, committed 7612K, reserved 1048576K
}
Event: 101.685 GC heap before
{Heap before GC invocations=13 (full 3):
 PSYoungGen      total 227328K, used 15352K [0x000000076b400000, 0x000000077d080000, 0x00000007c0000000)
  eden space 211968K, 0% used [0x000000076b400000,0x000000076b400000,0x0000000778300000)
  from space 15360K, 99% used [0x0000000779580000,0x000000077a47e050,0x000000077a480000)
  to   space 18944K, 0% used [0x0000000778300000,0x0000000778300000,0x0000000779580000)
 ParOldGen       total 169984K, used 24928K [0x00000006c1c00000, 0x00000006cc200000, 0x000000076b400000)
  object space 169984K, 14% used [0x00000006c1c00000,0x00000006c3458288,0x00000006cc200000)
 Metaspace       used 57442K, capacity 58956K, committed 59028K, reserved 1101824K
  class space    used 7274K, capacity 7580K, committed 7612K, reserved 1048576K
Event: 101.853 GC heap after
Heap after GC invocations=13 (full 3):
 PSYoungGen      total 227328K, used 0K [0x000000076b400000, 0x000000077d080000, 0x00000007c0000000)
  eden space 211968K, 0% used [0x000000076b400000,0x000000076b400000,0x0000000778300000)
  from space 15360K, 0% used [0x0000000779580000,0x0000000779580000,0x000000077a480000)
  to   space 18944K, 0% used [0x0000000778300000,0x0000000778300000,0x0000000779580000)
 ParOldGen       total 169984K, used 34580K [0x00000006c1c00000, 0x00000006cc200000, 0x000000076b400000)
  object space 169984K, 20% used [0x00000006c1c00000,0x00000006c3dc5358,0x00000006cc200000)
 Metaspace       used 57442K, capacity 58956K, committed 59028K, reserved 1101824K
  class space    used 7274K, capacity 7580K, committed 7612K, reserved 1048576K
}

