# JRE version: Java(TM) SE Runtime Environment (8.0_181-b13) (build 1.8.0_181-b13)
# Java VM: Java HotSpot(TM) 64-Bit Server VM (25.181-b13 mixed mode windows-amd64 compressed oops)
Heap:
 PSYoungGen      total 272896K, used 224424K [0x000000076b400000, 0x0000000784100000, 0x00000007c0000000)
  eden space 262144K, 81% used [0x000000076b400000,0x00000007784aaf78,0x000000077b400000)
  from space 10752K, 99% used [0x000000077b400000,0x000000077be7f220,0x000000077be80000)
  to   space 34304K, 0% used [0x0000000781f80000,0x0000000781f80000,0x0000000784100000)
 ParOldGen       total 146944K, used 50007K [0x00000006c1c00000, 0x00000006cab80000, 0x000000076b400000)
  object space 146944K, 34% used [0x00000006c1c00000,0x00000006c4cd5ed8,0x00000006cab80000)
 Metaspace       used 27030K, capacity 27564K, committed 27776K, reserved 1073152K
  class space    used 2974K, capacity 3167K, committed 3200K, reserved 1048576K
GC Heap History (10 events):
Event: 1.553 GC heap before
{Heap before GC invocations=2 (full 0):
 PSYoungGen      total 76288K, used 75435K [0x000000076b400000, 0x0000000774900000, 0x00000007c0000000)
  eden space 65536K, 99% used [0x000000076b400000,0x000000076f3ff280,0x000000076f400000)
  from space 10752K, 92% used [0x000000076f400000,0x000000076fdaba68,0x000000076fe80000)
  to   space 10752K, 0% used [0x0000000773e80000,0x0000000773e80000,0x0000000774900000)
 ParOldGen       total 175104K, used 16K [0x00000006c1c00000, 0x00000006cc700000, 0x000000076b400000)
  object space 175104K, 0% used [0x00000006c1c00000,0x00000006c1c04000,0x00000006cc700000)
 Metaspace       used 15211K, capacity 15546K, committed 15872K, reserved 1062912K
  class space    used 1846K, capacity 1945K, committed 2048K, reserved 1048576K
Event: 1.563 GC heap after
Heap after GC invocations=2 (full 0):
 PSYoungGen      total 141824K, used 10734K [0x000000076b400000, 0x0000000774900000, 0x00000007c0000000)
  eden space 131072K, 0% used [0x000000076b400000,0x000000076b400000,0x0000000773400000)
  from space 10752K, 99% used [0x0000000773e80000,0x00000007748fb930,0x0000000774900000)
  to   space 10752K, 0% used [0x0000000773400000,0x0000000773400000,0x0000000773e80000)
 ParOldGen       total 175104K, used 1439K [0x00000006c1c00000, 0x00000006cc700000, 0x000000076b400000)
  object space 175104K, 0% used [0x00000006c1c00000,0x00000006c1d67d28,0x00000006cc700000)
 Metaspace       used 15211K, capacity 15546K, committed 15872K, reserved 1062912K
  class space    used 1846K, capacity 1945K, committed 2048K, reserved 1048576K
}
Event: 2.545 GC heap before
{Heap before GC invocations=3 (full 0):
 PSYoungGen      total 141824K, used 141806K [0x000000076b400000, 0x0000000774900000, 0x00000007c0000000)
  eden space 131072K, 100% used [0x000000076b400000,0x0000000773400000,0x0000000773400000)
  from space 10752K, 99% used [0x0000000773e80000,0x00000007748fb930,0x0000000774900000)
  to   space 10752K, 0% used [0x0000000773400000,0x0000000773400000,0x0000000773e80000)
 ParOldGen       total 175104K, used 1439K [0x00000006c1c00000, 0x00000006cc700000, 0x000000076b400000)
  object space 175104K, 0% used [0x00000006c1c00000,0x00000006c1d67d28,0x00000006cc700000)
 Metaspace       used 16038K, capacity 16394K, committed 16640K, reserved 1064960K
  class space    used 1883K, capacity 1985K, committed 2048K, reserved 1048576K
Event: 2.561 GC heap after
Heap after GC invocations=3 (full 0):
 PSYoungGen      total 141824K, used 10744K [0x000000076b400000, 0x000000077c900000, 0x00000007c0000000)
  eden space 131072K, 0% used [0x000000076b400000,0x000000076b400000,0x0000000773400000)
  from space 10752K, 99% used [0x0000000773400000,0x0000000773e7e030,0x0000000773e80000)
  to   space 10752K, 0% used [0x000000077be80000,0x000000077be80000,0x000000077c900000)
 ParOldGen       total 175104K, used 12514K [0x00000006c1c00000, 0x00000006cc700000, 0x000000076b400000)
  object space 175104K, 7% used [0x00000006c1c00000,0x00000006c28389f0,0x00000006cc700000)
 Metaspace       used 16038K, capacity 16394K, committed 16640K, reserved 1064960K
  class space    used 1883K, capacity 1985K, committed 2048K, reserved 1048576K
}
Event: 3.900 GC heap before
{Heap before GC invocations=4 (full 0):
 PSYoungGen      total 141824K, used 90114K [0x000000076b400000, 0x000000077c900000, 0x00000007c0000000)
  eden space 131072K, 60% used [0x000000076b400000,0x0000000770182a68,0x0000000773400000)
  from space 10752K, 99% used [0x0000000773400000,0x0000000773e7e030,0x0000000773e80000)
  to   space 10752K, 0% used [0x000000077be80000,0x000000077be80000,0x000000077c900000)
 ParOldGen       total 175104K, used 12514K [0x00000006c1c00000, 0x00000006cc700000, 0x000000076b400000)
  object space 175104K, 7% used [0x00000006c1c00000,0x00000006c28389f0,0x00000006cc700000)
 Metaspace       used 20739K, capacity 21172K, committed 21296K, reserved 1069056K
  class space    used 2491K, capacity 2620K, committed 2688K, reserved 1048576K
Event: 3.919 GC heap after
Heap after GC invocations=4 (full 0):
 PSYoungGen      total 272896K, used 10750K [0x000000076b400000, 0x000000077c900000, 0x00000007c0000000)
  eden space 262144K, 0% used [0x000000076b400000,0x000000076b400000,0x000000077b400000)
  from space 10752K, 99% used [0x000000077be80000,0x000000077c8ffbc8,0x000000077c900000)
  to   space 10752K, 0% used [0x000000077b400000,0x000000077b400000,0x000000077be80000)
 ParOldGen       total 175104K, used 17128K [0x00000006c1c00000, 0x00000006cc700000, 0x000000076b400000)
  object space 175104K, 9% used [0x00000006c1c00000,0x00000006c2cba1e8,0x00000006cc700000)
 Metaspace       used 20739K, capacity 21172K, committed 21296K, reserved 1069056K
  class space    used 2491K, capacity 2620K, committed 2688K, reserved 1048576K
}
Event: 3.919 GC heap before
{Heap before GC invocations=5 (full 1):
 PSYoungGen      total 272896K, used 10750K [0x000000076b400000, 0x000000077c900000, 0x00000007c0000000)
  eden space 262144K, 0% used [0x000000076b400000,0x000000076b400000,0x000000077b400000)
  from space 10752K, 99% used [0x000000077be80000,0x000000077c8ffbc8,0x000000077c900000)
  to   space 10752K, 0% used [0x000000077b400000,0x000000077b400000,0x000000077be80000)
 ParOldGen       total 175104K, used 17128K [0x00000006c1c00000, 0x00000006cc700000, 0x000000076b400000)
  object space 175104K, 9% used [0x00000006c1c00000,0x00000006c2cba1e8,0x00000006cc700000)
 Metaspace       used 20739K, capacity 21172K, committed 21296K, reserved 1069056K
  class space    used 2491K, capacity 2620K, committed 2688K, reserved 1048576K
Event: 4.033 GC heap after
Heap after GC invocations=5 (full 1):
 PSYoungGen      total 272896K, used 0K [0x000000076b400000, 0x000000077c900000, 0x00000007c0000000)
  eden space 262144K, 0% used [0x000000076b400000,0x000000076b400000,0x000000077b400000)
  from space 10752K, 0% used [0x000000077be80000,0x000000077be80000,0x000000077c900000)
  to   space 10752K, 0% used [0x000000077b400000,0x000000077b400000,0x000000077be80000)
 ParOldGen       total 146944K, used 25705K [0x00000006c1c00000, 0x00000006cab80000, 0x000000076b400000)
  object space 146944K, 17% used [0x00000006c1c00000,0x00000006c351a468,0x00000006cab80000)
 Metaspace       used 20739K, capacity 21172K, committed 21296K, reserved 1069056K
  class space    used 2491K, capacity 2620K, committed 2688K, reserved 1048576K
}
Event: 7.249 GC heap before
{Heap before GC invocations=6 (full 1):
 PSYoungGen      total 272896K, used 262144K [0x000000076b400000, 0x000000077c900000, 0x00000007c0000000)
  eden space 262144K, 100% used [0x000000076b400000,0x000000077b400000,0x000000077b400000)
  from space 10752K, 0% used [0x000000077be80000,0x000000077be80000,0x000000077c900000)
  to   space 10752K, 0% used [0x000000077b400000,0x000000077b400000,0x000000077be80000)
 ParOldGen       total 146944K, used 25705K [0x00000006c1c00000, 0x00000006cab80000, 0x000000076b400000)
  object space 146944K, 17% used [0x00000006c1c00000,0x00000006c351a468,0x00000006cab80000)
 Metaspace       used 24823K, capacity 25236K, committed 25472K, reserved 1071104K
  class space    used 2778K, capacity 2908K, committed 2944K, reserved 1048576K
Event: 7.272 GC heap after
Heap after GC invocations=6 (full 1):
 PSYoungGen      total 272896K, used 10748K [0x000000076b400000, 0x0000000784100000, 0x00000007c0000000)
  eden space 262144K, 0% used [0x000000076b400000,0x000000076b400000,0x000000077b400000)
  from space 10752K, 99% used [0x000000077b400000,0x000000077be7f220,0x000000077be80000)
  to   space 34304K, 0% used [0x0000000781f80000,0x0000000781f80000,0x0000000784100000)
 ParOldGen       total 146944K, used 50007K [0x00000006c1c00000, 0x00000006cab80000, 0x000000076b400000)
  object space 146944K, 34% used [0x00000006c1c00000,0x00000006c4cd5ed8,0x00000006cab80000)
 Metaspace       used 24823K, capacity 25236K, committed 25472K, reserved 1071104K
  class space    used 2778K, capacity 2908K, committed 2944K, reserved 1048576K
}

