# JRE version: Java(TM) SE Runtime Environment (8.0_181-b13) (build 1.8.0_181-b13)
# Java VM: Java HotSpot(TM) 64-Bit Server VM (25.181-b13 mixed mode windows-amd64 compressed oops)
Heap:
 PSYoungGen      total 365056K, used 296650K [0x000000076b400000, 0x0000000782e00000, 0x00000007c0000000)
  eden space 348160K, 81% used [0x000000076b400000,0x000000077c99a998,0x0000000780800000)
  from space 16896K, 73% used [0x0000000781800000,0x0000000782418030,0x0000000782880000)
  to   space 16384K, 0% used [0x0000000780800000,0x0000000780800000,0x0000000781800000)
 ParOldGen       total 245248K, used 35555K [0x00000006c1c00000, 0x00000006d0b80000, 0x000000076b400000)
  object space 245248K, 14% used [0x00000006c1c00000,0x00000006c3eb8c00,0x00000006d0b80000)
 Metaspace       used 65314K, capacity 67472K, committed 67732K, reserved 1107968K
  class space    used 8375K, capacity 8778K, committed 8892K, reserved 1048576K
GC Heap History (10 events):
Event: 111.382 GC heap before
{Heap before GC invocations=15 (full 3):
 PSYoungGen      total 240128K, used 232124K [0x000000076b400000, 0x000000077e000000, 0x00000007c0000000)
  eden space 221184K, 100% used [0x000000076b400000,0x0000000778c00000,0x0000000778c00000)
  from space 18944K, 57% used [0x0000000778c00000,0x00000007796af140,0x0000000779e80000)
  to   space 18432K, 0% used [0x000000077ce00000,0x000000077ce00000,0x000000077e000000)
 ParOldGen       total 245248K, used 35503K [0x00000006c1c00000, 0x00000006d0b80000, 0x000000076b400000)
  object space 245248K, 14% used [0x00000006c1c00000,0x00000006c3eabfb0,0x00000006d0b80000)
 Metaspace       used 64592K, capacity 66858K, committed 67092K, reserved 1107968K
  class space    used 8326K, capacity 8745K, committed 8764K, reserved 1048576K
Event: 111.395 GC heap after
Heap after GC invocations=15 (full 3):
 PSYoungGen      total 289280K, used 11943K [0x000000076b400000, 0x000000077e300000, 0x00000007c0000000)
  eden space 270848K, 0% used [0x000000076b400000,0x000000076b400000,0x000000077bc80000)
  from space 18432K, 64% used [0x000000077ce00000,0x000000077d9a9f68,0x000000077e000000)
  to   space 17920K, 0% used [0x000000077bc80000,0x000000077bc80000,0x000000077ce00000)
 ParOldGen       total 245248K, used 35511K [0x00000006c1c00000, 0x00000006d0b80000, 0x000000076b400000)
  object space 245248K, 14% used [0x00000006c1c00000,0x00000006c3eadfb0,0x00000006d0b80000)
 Metaspace       used 64592K, capacity 66858K, committed 67092K, reserved 1107968K
  class space    used 8326K, capacity 8745K, committed 8764K, reserved 1048576K
}
Event: 111.978 GC heap before
{Heap before GC invocations=16 (full 3):
 PSYoungGen      total 289280K, used 282791K [0x000000076b400000, 0x000000077e300000, 0x00000007c0000000)
  eden space 270848K, 100% used [0x000000076b400000,0x000000077bc80000,0x000000077bc80000)
  from space 18432K, 64% used [0x000000077ce00000,0x000000077d9a9f68,0x000000077e000000)
  to   space 17920K, 0% used [0x000000077bc80000,0x000000077bc80000,0x000000077ce00000)
 ParOldGen       total 245248K, used 35511K [0x00000006c1c00000, 0x00000006d0b80000, 0x000000076b400000)
  object space 245248K, 14% used [0x00000006c1c00000,0x00000006c3eadfb0,0x00000006d0b80000)
 Metaspace       used 64692K, capacity 66922K, committed 67092K, reserved 1107968K
  class space    used 8326K, capacity 8745K, committed 8764K, reserved 1048576K
Event: 111.986 GC heap after
Heap after GC invocations=16 (full 3):
 PSYoungGen      total 288768K, used 11008K [0x000000076b400000, 0x000000077e300000, 0x00000007c0000000)
  eden space 270848K, 0% used [0x000000076b400000,0x000000076b400000,0x000000077bc80000)
  from space 17920K, 61% used [0x000000077bc80000,0x000000077c740030,0x000000077ce00000)
  to   space 18432K, 0% used [0x000000077ce00000,0x000000077ce00000,0x000000077e000000)
 ParOldGen       total 245248K, used 35519K [0x00000006c1c00000, 0x00000006d0b80000, 0x000000076b400000)
  object space 245248K, 14% used [0x00000006c1c00000,0x00000006c3eaffb0,0x00000006d0b80000)
 Metaspace       used 64692K, capacity 66922K, committed 67092K, reserved 1107968K
  class space    used 8326K, capacity 8745K, committed 8764K, reserved 1048576K
}
Event: 112.613 GC heap before
{Heap before GC invocations=17 (full 3):
 PSYoungGen      total 288768K, used 281856K [0x000000076b400000, 0x000000077e300000, 0x00000007c0000000)
  eden space 270848K, 100% used [0x000000076b400000,0x000000077bc80000,0x000000077bc80000)
  from space 17920K, 61% used [0x000000077bc80000,0x000000077c740030,0x000000077ce00000)
  to   space 18432K, 0% used [0x000000077ce00000,0x000000077ce00000,0x000000077e000000)
 ParOldGen       total 245248K, used 35519K [0x00000006c1c00000, 0x00000006d0b80000, 0x000000076b400000)
  object space 245248K, 14% used [0x00000006c1c00000,0x00000006c3eaffb0,0x00000006d0b80000)
 Metaspace       used 64747K, capacity 66986K, committed 67092K, reserved 1107968K
  class space    used 8327K, capacity 8745K, committed 8764K, reserved 1048576K
Event: 112.622 GC heap after
Heap after GC invocations=17 (full 3):
 PSYoungGen      total 289280K, used 11328K [0x000000076b400000, 0x000000077e300000, 0x00000007c0000000)
  eden space 270848K, 0% used [0x000000076b400000,0x000000076b400000,0x000000077bc80000)
  from space 18432K, 61% used [0x000000077ce00000,0x000000077d910030,0x000000077e000000)
  to   space 17920K, 0% used [0x000000077bc80000,0x000000077bc80000,0x000000077ce00000)
 ParOldGen       total 245248K, used 35539K [0x00000006c1c00000, 0x00000006d0b80000, 0x000000076b400000)
  object space 245248K, 14% used [0x00000006c1c00000,0x00000006c3eb4c00,0x00000006d0b80000)
 Metaspace       used 64747K, capacity 66986K, committed 67092K, reserved 1107968K
  class space    used 8327K, capacity 8745K, committed 8764K, reserved 1048576K
}
Event: 113.265 GC heap before
{Heap before GC invocations=18 (full 3):
 PSYoungGen      total 289280K, used 282176K [0x000000076b400000, 0x000000077e300000, 0x00000007c0000000)
  eden space 270848K, 100% used [0x000000076b400000,0x000000077bc80000,0x000000077bc80000)
  from space 18432K, 61% used [0x000000077ce00000,0x000000077d910030,0x000000077e000000)
  to   space 17920K, 0% used [0x000000077bc80000,0x000000077bc80000,0x000000077ce00000)
 ParOldGen       total 245248K, used 35539K [0x00000006c1c00000, 0x00000006d0b80000, 0x000000076b400000)
  object space 245248K, 14% used [0x00000006c1c00000,0x00000006c3eb4c00,0x00000006d0b80000)
 Metaspace       used 65145K, capacity 67344K, committed 67732K, reserved 1107968K
  class space    used 8372K, capacity 8778K, committed 8892K, reserved 1048576K
Event: 113.275 GC heap after
Heap after GC invocations=18 (full 3):
 PSYoungGen      total 288768K, used 12415K [0x000000076b400000, 0x0000000782880000, 0x00000007c0000000)
  eden space 270848K, 0% used [0x000000076b400000,0x000000076b400000,0x000000077bc80000)
  from space 17920K, 69% used [0x000000077bc80000,0x000000077c89fcb8,0x000000077ce00000)
  to   space 16896K, 0% used [0x0000000781800000,0x0000000781800000,0x0000000782880000)
 ParOldGen       total 245248K, used 35547K [0x00000006c1c00000, 0x00000006d0b80000, 0x000000076b400000)
  object space 245248K, 14% used [0x00000006c1c00000,0x00000006c3eb6c00,0x00000006d0b80000)
 Metaspace       used 65145K, capacity 67344K, committed 67732K, reserved 1107968K
  class space    used 8372K, capacity 8778K, committed 8892K, reserved 1048576K
}
Event: 113.696 GC heap before
{Heap before GC invocations=19 (full 3):
 PSYoungGen      total 288768K, used 283263K [0x000000076b400000, 0x0000000782880000, 0x00000007c0000000)
  eden space 270848K, 100% used [0x000000076b400000,0x000000077bc80000,0x000000077bc80000)
  from space 17920K, 69% used [0x000000077bc80000,0x000000077c89fcb8,0x000000077ce00000)
  to   space 16896K, 0% used [0x0000000781800000,0x0000000781800000,0x0000000782880000)
 ParOldGen       total 245248K, used 35547K [0x00000006c1c00000, 0x00000006d0b80000, 0x000000076b400000)
  object space 245248K, 14% used [0x00000006c1c00000,0x00000006c3eb6c00,0x00000006d0b80000)
 Metaspace       used 65217K, capacity 67408K, committed 67732K, reserved 1107968K
  class space    used 8372K, capacity 8778K, committed 8892K, reserved 1048576K
Event: 113.705 GC heap after
Heap after GC invocations=19 (full 3):
 PSYoungGen      total 365056K, used 12384K [0x000000076b400000, 0x0000000782e00000, 0x00000007c0000000)
  eden space 348160K, 0% used [0x000000076b400000,0x000000076b400000,0x0000000780800000)
  from space 16896K, 73% used [0x0000000781800000,0x0000000782418030,0x0000000782880000)
  to   space 16384K, 0% used [0x0000000780800000,0x0000000780800000,0x0000000781800000)
 ParOldGen       total 245248K, used 35555K [0x00000006c1c00000, 0x00000006d0b80000, 0x000000076b400000)
  object space 245248K, 14% used [0x00000006c1c00000,0x00000006c3eb8c00,0x00000006d0b80000)
 Metaspace       used 65217K, capacity 67408K, committed 67732K, reserved 1107968K
  class space    used 8372K, capacity 8778K, committed 8892K, reserved 1048576K
}

