# JRE version: Java(TM) SE Runtime Environment (8.0_181-b13) (build 1.8.0_181-b13)
# Java VM: Java HotSpot(TM) 64-Bit Server VM (25.181-b13 mixed mode windows-amd64 compressed oops)
Heap:
 PSYoungGen      total 225792K, used 16591K [0x000000076b400000, 0x000000077bd80000, 0x00000007c0000000)
  eden space 207872K, 0% used [0x000000076b400000,0x000000076b400000,0x0000000777f00000)
  from space 17920K, 92% used [0x000000077ac00000,0x000000077bc33dc0,0x000000077bd80000)
  to   space 17408K, 0% used [0x0000000777f00000,0x0000000777f00000,0x0000000779000000)
 ParOldGen       total 173568K, used 23901K [0x00000006c1c00000, 0x00000006cc580000, 0x000000076b400000)
  object space 173568K, 13% used [0x00000006c1c00000,0x00000006c3357610,0x00000006cc580000)
 Metaspace       used 57454K, capacity 58972K, committed 59028K, reserved 1101824K
  class space    used 7293K, capacity 7582K, committed 7612K, reserved 1048576K
GC Heap History (10 events):
Event: 3.738 GC heap after
Heap after GC invocations=8 (full 2):
 PSYoungGen      total 162816K, used 0K [0x000000076b400000, 0x0000000779380000, 0x00000007c0000000)
  eden space 151552K, 0% used [0x000000076b400000,0x000000076b400000,0x0000000774800000)
  from space 11264K, 0% used [0x0000000775800000,0x0000000775800000,0x0000000776300000)
  to   space 16384K, 0% used [0x0000000774800000,0x0000000774800000,0x0000000775800000)
 ParOldGen       total 173568K, used 23534K [0x00000006c1c00000, 0x00000006cc580000, 0x000000076b400000)
  object space 173568K, 13% used [0x00000006c1c00000,0x00000006c32fb8e8,0x00000006cc580000)
 Metaspace       used 34384K, capacity 35370K, committed 35416K, reserved 1081344K
  class space    used 4261K, capacity 4475K, committed 4480K, reserved 1048576K
}
Event: 5.057 GC heap before
{Heap before GC invocations=9 (full 2):
 PSYoungGen      total 162816K, used 151552K [0x000000076b400000, 0x0000000779380000, 0x00000007c0000000)
  eden space 151552K, 100% used [0x000000076b400000,0x0000000774800000,0x0000000774800000)
  from space 11264K, 0% used [0x0000000775800000,0x0000000775800000,0x0000000776300000)
  to   space 16384K, 0% used [0x0000000774800000,0x0000000774800000,0x0000000775800000)
 ParOldGen       total 173568K, used 23534K [0x00000006c1c00000, 0x00000006cc580000, 0x000000076b400000)
  object space 173568K, 13% used [0x00000006c1c00000,0x00000006c32fb8e8,0x00000006cc580000)
 Metaspace       used 42872K, capacity 44120K, committed 44504K, reserved 1087488K
  class space    used 5544K, capacity 5828K, committed 5888K, reserved 1048576K
Event: 5.066 GC heap after
Heap after GC invocations=9 (full 2):
 PSYoungGen      total 167936K, used 10541K [0x000000076b400000, 0x000000077a100000, 0x00000007c0000000)
  eden space 151552K, 0% used [0x000000076b400000,0x000000076b400000,0x0000000774800000)
  from space 16384K, 64% used [0x0000000774800000,0x000000077524b788,0x0000000775800000)
  to   space 15360K, 0% used [0x0000000779200000,0x0000000779200000,0x000000077a100000)
 ParOldGen       total 173568K, used 23542K [0x00000006c1c00000, 0x00000006cc580000, 0x000000076b400000)
  object space 173568K, 13% used [0x00000006c1c00000,0x00000006c32fd8e8,0x00000006cc580000)
 Metaspace       used 42872K, capacity 44120K, committed 44504K, reserved 1087488K
  class space    used 5544K, capacity 5828K, committed 5888K, reserved 1048576K
}
Event: 53.429 GC heap before
{Heap before GC invocations=10 (full 2):
 PSYoungGen      total 167936K, used 162093K [0x000000076b400000, 0x000000077a100000, 0x00000007c0000000)
  eden space 151552K, 100% used [0x000000076b400000,0x0000000774800000,0x0000000774800000)
  from space 16384K, 64% used [0x0000000774800000,0x000000077524b788,0x0000000775800000)
  to   space 15360K, 0% used [0x0000000779200000,0x0000000779200000,0x000000077a100000)
 ParOldGen       total 173568K, used 23542K [0x00000006c1c00000, 0x00000006cc580000, 0x000000076b400000)
  object space 173568K, 13% used [0x00000006c1c00000,0x00000006c32fd8e8,0x00000006cc580000)
 Metaspace       used 52459K, capacity 53704K, committed 54232K, reserved 1095680K
  class space    used 6823K, capacity 7096K, committed 7168K, reserved 1048576K
Event: 53.451 GC heap after
Heap after GC invocations=10 (full 2):
 PSYoungGen      total 217600K, used 15331K [0x000000076b400000, 0x000000077a100000, 0x00000007c0000000)
  eden space 202240K, 0% used [0x000000076b400000,0x000000076b400000,0x0000000777980000)
  from space 15360K, 99% used [0x0000000779200000,0x000000077a0f8d00,0x000000077a100000)
  to   space 17408K, 0% used [0x0000000777f00000,0x0000000777f00000,0x0000000779000000)
 ParOldGen       total 173568K, used 23885K [0x00000006c1c00000, 0x00000006cc580000, 0x000000076b400000)
  object space 173568K, 13% used [0x00000006c1c00000,0x00000006c3353610,0x00000006cc580000)
 Metaspace       used 52459K, capacity 53704K, committed 54232K, reserved 1095680K
  class space    used 6823K, capacity 7096K, committed 7168K, reserved 1048576K
}
Event: 107.680 GC heap before
{Heap before GC invocations=11 (full 2):
 PSYoungGen      total 217600K, used 217571K [0x000000076b400000, 0x000000077a100000, 0x00000007c0000000)
  eden space 202240K, 100% used [0x000000076b400000,0x0000000777980000,0x0000000777980000)
  from space 15360K, 99% used [0x0000000779200000,0x000000077a0f8d00,0x000000077a100000)
  to   space 17408K, 0% used [0x0000000777f00000,0x0000000777f00000,0x0000000779000000)
 ParOldGen       total 173568K, used 23885K [0x00000006c1c00000, 0x00000006cc580000, 0x000000076b400000)
  object space 173568K, 13% used [0x00000006c1c00000,0x00000006c3353610,0x00000006cc580000)
 Metaspace       used 56277K, capacity 57712K, committed 57944K, reserved 1099776K
  class space    used 7150K, capacity 7434K, committed 7552K, reserved 1048576K
Event: 107.693 GC heap after
Heap after GC invocations=11 (full 2):
 PSYoungGen      total 225280K, used 14045K [0x000000076b400000, 0x000000077bd80000, 0x00000007c0000000)
  eden space 207872K, 0% used [0x000000076b400000,0x000000076b400000,0x0000000777f00000)
  from space 17408K, 80% used [0x0000000777f00000,0x0000000778cb74e8,0x0000000779000000)
  to   space 17920K, 0% used [0x000000077ac00000,0x000000077ac00000,0x000000077bd80000)
 ParOldGen       total 173568K, used 23893K [0x00000006c1c00000, 0x00000006cc580000, 0x000000076b400000)
  object space 173568K, 13% used [0x00000006c1c00000,0x00000006c3355610,0x00000006cc580000)
 Metaspace       used 56277K, capacity 57712K, committed 57944K, reserved 1099776K
  class space    used 7150K, capacity 7434K, committed 7552K, reserved 1048576K
}
Event: 108.198 GC heap before
{Heap before GC invocations=12 (full 2):
 PSYoungGen      total 225280K, used 117083K [0x000000076b400000, 0x000000077bd80000, 0x00000007c0000000)
  eden space 207872K, 49% used [0x000000076b400000,0x000000077189f9c0,0x0000000777f00000)
  from space 17408K, 80% used [0x0000000777f00000,0x0000000778cb74e8,0x0000000779000000)
  to   space 17920K, 0% used [0x000000077ac00000,0x000000077ac00000,0x000000077bd80000)
 ParOldGen       total 173568K, used 23893K [0x00000006c1c00000, 0x00000006cc580000, 0x000000076b400000)
  object space 173568K, 13% used [0x00000006c1c00000,0x00000006c3355610,0x00000006cc580000)
 Metaspace       used 57454K, capacity 58972K, committed 59028K, reserved 1101824K
  class space    used 7293K, capacity 7582K, committed 7612K, reserved 1048576K
Event: 108.212 GC heap after
Heap after GC invocations=12 (full 2):
 PSYoungGen      total 225792K, used 16591K [0x000000076b400000, 0x000000077bd80000, 0x00000007c0000000)
  eden space 207872K, 0% used [0x000000076b400000,0x000000076b400000,0x0000000777f00000)
  from space 17920K, 92% used [0x000000077ac00000,0x000000077bc33dc0,0x000000077bd80000)
  to   space 17408K, 0% used [0x0000000777f00000,0x0000000777f00000,0x0000000779000000)
 ParOldGen       total 173568K, used 23901K [0x00000006c1c00000, 0x00000006cc580000, 0x000000076b400000)
  object space 173568K, 13% used [0x00000006c1c00000,0x00000006c3357610,0x00000006cc580000)
 Metaspace       used 57454K, capacity 58972K, committed 59028K, reserved 1101824K
  class space    used 7293K, capacity 7582K, committed 7612K, reserved 1048576K
}
Event: 108.212 GC heap before
{Heap before GC invocations=13 (full 3):
 PSYoungGen      total 225792K, used 16591K [0x000000076b400000, 0x000000077bd80000, 0x00000007c0000000)
  eden space 207872K, 0% used [0x000000076b400000,0x000000076b400000,0x0000000777f00000)
  from space 17920K, 92% used [0x000000077ac00000,0x000000077bc33dc0,0x000000077bd80000)
  to   space 17408K, 0% used [0x0000000777f00000,0x0000000777f00000,0x0000000779000000)
 ParOldGen       total 173568K, used 23901K [0x00000006c1c00000, 0x00000006cc580000, 0x000000076b400000)
  object space 173568K, 13% used [0x00000006c1c00000,0x00000006c3357610,0x00000006cc580000)
 Metaspace       used 57454K, capacity 58972K, committed 59028K, reserved 1101824K
  class space    used 7293K, capacity 7582K, committed 7612K, reserved 1048576K

