# JRE version: Java(TM) SE Runtime Environment (8.0_181-b13) (build 1.8.0_181-b13)
# Java VM: Java HotSpot(TM) 64-Bit Server VM (25.181-b13 mixed mode windows-amd64 compressed oops)
Heap:
 PSYoungGen      total 228864K, used 50193K [0x000000076b400000, 0x000000077c900000, 0x00000007c0000000)
  eden space 209408K, 19% used [0x000000076b400000,0x000000076db6b498,0x0000000778080000)
  from space 19456K, 50% used [0x0000000778080000,0x0000000778a19008,0x0000000779380000)
  to   space 18944K, 0% used [0x000000077b680000,0x000000077b680000,0x000000077c900000)
 ParOldGen       total 262144K, used 35439K [0x00000006c1c00000, 0x00000006d1c00000, 0x000000076b400000)
  object space 262144K, 13% used [0x00000006c1c00000,0x00000006c3e9be18,0x00000006d1c00000)
 Metaspace       used 62618K, capacity 64750K, committed 65044K, reserved 1105920K
  class space    used 8051K, capacity 8463K, committed 8508K, reserved 1048576K
GC Heap History (10 events):
Event: 62.487 GC heap before
{Heap before GC invocations=10 (full 2):
 PSYoungGen      total 165376K, used 159189K [0x000000076b400000, 0x0000000779200000, 0x00000007c0000000)
  eden space 148992K, 100% used [0x000000076b400000,0x0000000774580000,0x0000000774580000)
  from space 16384K, 62% used [0x0000000774580000,0x0000000774f75470,0x0000000775580000)
  to   space 15872K, 0% used [0x0000000778280000,0x0000000778280000,0x0000000779200000)
 ParOldGen       total 184832K, used 23263K [0x00000006c1c00000, 0x00000006cd080000, 0x000000076b400000)
  object space 184832K, 12% used [0x00000006c1c00000,0x00000006c32b7ca8,0x00000006cd080000)
 Metaspace       used 52466K, capacity 53700K, committed 54232K, reserved 1095680K
  class space    used 6821K, capacity 7096K, committed 7168K, reserved 1048576K
Event: 62.519 GC heap after
Heap after GC invocations=10 (full 2):
 PSYoungGen      total 203264K, used 15850K [0x000000076b400000, 0x0000000779200000, 0x00000007c0000000)
  eden space 187392K, 0% used [0x000000076b400000,0x000000076b400000,0x0000000776b00000)
  from space 15872K, 99% used [0x0000000778280000,0x00000007791fab88,0x0000000779200000)
  to   space 17408K, 0% used [0x0000000777000000,0x0000000777000000,0x0000000778100000)
 ParOldGen       total 184832K, used 23430K [0x00000006c1c00000, 0x00000006cd080000, 0x000000076b400000)
  object space 184832K, 12% used [0x00000006c1c00000,0x00000006c32e1bd8,0x00000006cd080000)
 Metaspace       used 52466K, capacity 53700K, committed 54232K, reserved 1095680K
  class space    used 6821K, capacity 7096K, committed 7168K, reserved 1048576K
}
Event: 177.326 GC heap before
{Heap before GC invocations=11 (full 2):
 PSYoungGen      total 203264K, used 203242K [0x000000076b400000, 0x0000000779200000, 0x00000007c0000000)
  eden space 187392K, 100% used [0x000000076b400000,0x0000000776b00000,0x0000000776b00000)
  from space 15872K, 99% used [0x0000000778280000,0x00000007791fab88,0x0000000779200000)
  to   space 17408K, 0% used [0x0000000777000000,0x0000000777000000,0x0000000778100000)
 ParOldGen       total 184832K, used 23430K [0x00000006c1c00000, 0x00000006cd080000, 0x000000076b400000)
  object space 184832K, 12% used [0x00000006c1c00000,0x00000006c32e1bd8,0x00000006cd080000)
 Metaspace       used 55717K, capacity 57160K, committed 57304K, reserved 1099776K
  class space    used 7050K, capacity 7336K, committed 7424K, reserved 1048576K
Event: 177.337 GC heap after
Heap after GC invocations=11 (full 2):
 PSYoungGen      total 209920K, used 13531K [0x000000076b400000, 0x000000077a500000, 0x00000007c0000000)
  eden space 192512K, 0% used [0x000000076b400000,0x000000076b400000,0x0000000777000000)
  from space 17408K, 77% used [0x0000000777000000,0x0000000777d36e28,0x0000000778100000)
  to   space 17920K, 0% used [0x0000000779380000,0x0000000779380000,0x000000077a500000)
 ParOldGen       total 184832K, used 23470K [0x00000006c1c00000, 0x00000006cd080000, 0x000000076b400000)
  object space 184832K, 12% used [0x00000006c1c00000,0x00000006c32ebbe8,0x00000006cd080000)
 Metaspace       used 55717K, capacity 57160K, committed 57304K, reserved 1099776K
  class space    used 7050K, capacity 7336K, committed 7424K, reserved 1048576K
}
Event: 178.089 GC heap before
{Heap before GC invocations=12 (full 2):
 PSYoungGen      total 209920K, used 143013K [0x000000076b400000, 0x000000077a500000, 0x00000007c0000000)
  eden space 192512K, 67% used [0x000000076b400000,0x0000000773272938,0x0000000777000000)
  from space 17408K, 77% used [0x0000000777000000,0x0000000777d36e28,0x0000000778100000)
  to   space 17920K, 0% used [0x0000000779380000,0x0000000779380000,0x000000077a500000)
 ParOldGen       total 184832K, used 23470K [0x00000006c1c00000, 0x00000006cd080000, 0x000000076b400000)
  object space 184832K, 12% used [0x00000006c1c00000,0x00000006c32ebbe8,0x00000006cd080000)
 Metaspace       used 57449K, capacity 58972K, committed 59028K, reserved 1101824K
  class space    used 7277K, capacity 7582K, committed 7612K, reserved 1048576K
Event: 178.100 GC heap after
Heap after GC invocations=12 (full 2):
 PSYoungGen      total 227328K, used 17307K [0x000000076b400000, 0x000000077b000000, 0x00000007c0000000)
  eden space 209408K, 0% used [0x000000076b400000,0x000000076b400000,0x0000000778080000)
  from space 17920K, 96% used [0x0000000779380000,0x000000077a466c28,0x000000077a500000)
  to   space 19456K, 0% used [0x0000000778080000,0x0000000778080000,0x0000000779380000)
 ParOldGen       total 184832K, used 23478K [0x00000006c1c00000, 0x00000006cd080000, 0x000000076b400000)
  object space 184832K, 12% used [0x00000006c1c00000,0x00000006c32edbe8,0x00000006cd080000)
 Metaspace       used 57449K, capacity 58972K, committed 59028K, reserved 1101824K
  class space    used 7277K, capacity 7582K, committed 7612K, reserved 1048576K
}
Event: 178.100 GC heap before
{Heap before GC invocations=13 (full 3):
 PSYoungGen      total 227328K, used 17307K [0x000000076b400000, 0x000000077b000000, 0x00000007c0000000)
  eden space 209408K, 0% used [0x000000076b400000,0x000000076b400000,0x0000000778080000)
  from space 17920K, 96% used [0x0000000779380000,0x000000077a466c28,0x000000077a500000)
  to   space 19456K, 0% used [0x0000000778080000,0x0000000778080000,0x0000000779380000)
 ParOldGen       total 184832K, used 23478K [0x00000006c1c00000, 0x00000006cd080000, 0x000000076b400000)
  object space 184832K, 12% used [0x00000006c1c00000,0x00000006c32edbe8,0x00000006cd080000)
 Metaspace       used 57449K, capacity 58972K, committed 59028K, reserved 1101824K
  class space    used 7277K, capacity 7582K, committed 7612K, reserved 1048576K
Event: 178.245 GC heap after
Heap after GC invocations=13 (full 3):
 PSYoungGen      total 227328K, used 0K [0x000000076b400000, 0x000000077b000000, 0x00000007c0000000)
  eden space 209408K, 0% used [0x000000076b400000,0x000000076b400000,0x0000000778080000)
  from space 17920K, 0% used [0x0000000779380000,0x0000000779380000,0x000000077a500000)
  to   space 19456K, 0% used [0x0000000778080000,0x0000000778080000,0x0000000779380000)
 ParOldGen       total 262144K, used 35439K [0x00000006c1c00000, 0x00000006d1c00000, 0x000000076b400000)
  object space 262144K, 13% used [0x00000006c1c00000,0x00000006c3e9be18,0x00000006d1c00000)
 Metaspace       used 57449K, capacity 58972K, committed 59028K, reserved 1101824K
  class space    used 7277K, capacity 7582K, committed 7612K, reserved 1048576K
}
Event: 179.211 GC heap before
{Heap before GC invocations=14 (full 3):
 PSYoungGen      total 227328K, used 209408K [0x000000076b400000, 0x000000077b000000, 0x00000007c0000000)
  eden space 209408K, 100% used [0x000000076b400000,0x0000000778080000,0x0000000778080000)
  from space 17920K, 0% used [0x0000000779380000,0x0000000779380000,0x000000077a500000)
  to   space 19456K, 0% used [0x0000000778080000,0x0000000778080000,0x0000000779380000)
 ParOldGen       total 262144K, used 35439K [0x00000006c1c00000, 0x00000006d1c00000, 0x000000076b400000)
  object space 262144K, 13% used [0x00000006c1c00000,0x00000006c3e9be18,0x00000006d1c00000)
 Metaspace       used 61164K, capacity 63230K, committed 63508K, reserved 1103872K
  class space    used 7836K, capacity 8205K, committed 8252K, reserved 1048576K
Event: 179.218 GC heap after
Heap after GC invocations=14 (full 3):
 PSYoungGen      total 228864K, used 9828K [0x000000076b400000, 0x000000077c900000, 0x00000007c0000000)
  eden space 209408K, 0% used [0x000000076b400000,0x000000076b400000,0x0000000778080000)
  from space 19456K, 50% used [0x0000000778080000,0x0000000778a19008,0x0000000779380000)
  to   space 18944K, 0% used [0x000000077b680000,0x000000077b680000,0x000000077c900000)
 ParOldGen       total 262144K, used 35439K [0x00000006c1c00000, 0x00000006d1c00000, 0x000000076b400000)
  object space 262144K, 13% used [0x00000006c1c00000,0x00000006c3e9be18,0x00000006d1c00000)
 Metaspace       used 61164K, capacity 63230K, committed 63508K, reserved 1103872K
  class space    used 7836K, capacity 8205K, committed 8252K, reserved 1048576K
}

